{
  "stats": {
    "suites": 1,
    "tests": 1,
    "passes": 1,
    "pending": 0,
    "failures": 0,
    "start": "2024-05-09T10:09:29.851Z",
    "end": "2024-05-09T10:09:36.716Z",
    "duration": 6865,
    "testsRegistered": 1,
    "passPercent": 100,
    "pendingPercent": 0,
    "other": 0,
    "hasOther": false,
    "skipped": 0,
    "hasSkipped": false
  },
  "results": [
    {
      "uuid": "64195149-6c53-4a95-9795-44b680b83c90",
      "title": "",
      "fullFile": "cypress\\integration\\Test3.js",
      "file": "cypress\\integration\\Test3.js",
      "beforeHooks": [],
      "afterHooks": [],
      "tests": [],
      "suites": [
        {
          "uuid": "765c49f7-1b0f-4f60-9141-e54b1b6fd02a",
          "title": "Handle Different Components",
          "fullFile": "",
          "file": "",
          "beforeHooks": [],
          "afterHooks": [],
          "tests": [
            {
              "title": "Calendar  Test",
              "fullTitle": "Handle Different Components Calendar  Test",
              "timedOut": null,
              "duration": 2700,
              "state": "passed",
              "speed": "fast",
              "pass": true,
              "fail": false,
              "pending": false,
              "context": null,
              "code": "const month = \"6\";\nconst date = \"15\";\nconst year = \"2027\";\nconst expectedList = [month, date, year];\ncy.visit(\"https://rahulshettyacademy.com/seleniumPractise/#/offers\");\ncy.get(\".react-date-picker__inputGroup\").click();\ncy.get(\".react-calendar__navigation__label\").click().click();\ncy.contains(\"button\", year).click();\ncy.get(\".react-calendar__year-view__months__month\").eq(Number(month) - 1).click();\ncy.contains(\"abbr\", date).click();\ncy.get(\".react-date-picker__inputGroup__input\").each(($ele, index) => {\n  cy.wrap($ele).invoke(\"val\").should(\"eq\", expectedList[index]);\n});",
              "err": {},
              "uuid": "2624b087-704d-4ff2-85f2-cd6ae2d138a8",
              "parentUUID": "765c49f7-1b0f-4f60-9141-e54b1b6fd02a",
              "isHook": false,
              "skipped": false
            }
          ],
          "suites": [],
          "passes": [
            "2624b087-704d-4ff2-85f2-cd6ae2d138a8"
          ],
          "failures": [],
          "pending": [],
          "skipped": [],
          "duration": 2700,
          "root": false,
          "rootEmpty": false,
          "_timeout": 2000
        }
      ],
      "passes": [],
      "failures": [],
      "pending": [],
      "skipped": [],
      "duration": 0,
      "root": true,
      "rootEmpty": true,
      "_timeout": 2000
    }
  ],
  "meta": {
    "mocha": {
      "version": "7.0.1"
    },
    "mochawesome": {
      "options": {
        "quiet": false,
        "reportFilename": "mochawesome",
        "saveHtml": true,
        "saveJson": true,
        "consoleReporter": "spec",
        "useInlineDiffs": false,
        "code": true
      },
      "version": "7.1.3"
    },
    "marge": {
      "options": {
        "charts": true,
        "reportPageTitle": "custom-title",
        "embeddedScreenshots": true,
        "inlineAssets": true,
        "saveAllAttempts": false
      },
      "version": "6.2.0"
    }
  }
}